<?xml version="1.0" encoding="UTF-8"?>
<!-- Generated by org.testng.reporters.JUnitXMLReporter -->
<testsuite hostname="DESKTOP-5L9D1ND" ignored="0" name="Default test" tests="4" failures="0" timestamp="08 May 2018 03:09:33 GMT" time="0.032" errors="0">
  <testcase name="SampleTestScript7" time="0.007" classname="iSatzFirstMaven.iFirstMaven"/>
  <testcase name="SampleTestScript5" time="0.002" classname="iSatzFirstMaven.iFirstMaven"/>
  <testcase name="SampleTestScript1" time="0.0" classname="iSatzFirstMaven.iFirstMaven"/>
  <testcase name="SampleTestScript3" time="0.001" classname="iSatzFirstMaven.iFirstMaven"/>
</testsuite> <!-- Default test -->
