<?xml version="1.0" encoding="UTF-8"?>
<testng-results skipped="0" failed="0" ignored="0" total="4" passed="4">
  <reporter-output>
  </reporter-output>
  <suite name="Default suite" duration-ms="32" started-at="2018-05-08T03:09:32Z" finished-at="2018-05-08T03:09:32Z">
    <groups>
    </groups>
    <test name="Default test" duration-ms="32" started-at="2018-05-08T03:09:32Z" finished-at="2018-05-08T03:09:32Z">
      <class name="iSatzFirstMaven.iFirstMaven">
        <test-method status="PASS" signature="SampleTestScript7()[pri:0, instance:iSatzFirstMaven.iFirstMaven@61832929]" name="SampleTestScript7" duration-ms="7" started-at="2018-05-08T03:09:32Z" finished-at="2018-05-08T03:09:32Z">
          <reporter-output>
          </reporter-output>
        </test-method> <!-- SampleTestScript7 -->
        <test-method status="PASS" signature="SampleTestScript5()[pri:1, instance:iSatzFirstMaven.iFirstMaven@61832929]" name="SampleTestScript5" duration-ms="2" started-at="2018-05-08T03:09:32Z" finished-at="2018-05-08T03:09:32Z">
          <reporter-output>
          </reporter-output>
        </test-method> <!-- SampleTestScript5 -->
        <test-method status="PASS" signature="SampleTestScript1()[pri:2, instance:iSatzFirstMaven.iFirstMaven@61832929]" name="SampleTestScript1" duration-ms="0" started-at="2018-05-08T03:09:32Z" finished-at="2018-05-08T03:09:32Z">
          <reporter-output>
          </reporter-output>
        </test-method> <!-- SampleTestScript1 -->
        <test-method status="PASS" signature="SampleTestScript3()[pri:3, instance:iSatzFirstMaven.iFirstMaven@61832929]" name="SampleTestScript3" duration-ms="1" started-at="2018-05-08T03:09:32Z" finished-at="2018-05-08T03:09:32Z">
          <reporter-output>
          </reporter-output>
        </test-method> <!-- SampleTestScript3 -->
      </class> <!-- iSatzFirstMaven.iFirstMaven -->
    </test> <!-- Default test -->
  </suite> <!-- Default suite -->
</testng-results>
